<?xml version="1.0" encoding="UTF-8"?>
<!-- Generated by org.testng.reporters.JUnitReportReporter -->
<testsuite skipped="0" hostname="DESKTOP-0F1P5O1" name="com.TestCase.Login" tests="1" failures="0" timestamp="08 Jan 2021 14:24:50 GMT" time="21.668" errors="0">
  <testcase name="excecution" time="21.668" classname="com.TestCase.Login"/>
</testsuite> <!-- com.TestCase.Login -->
